2024-09-11 20:39:30.009 INFO  [restartedMain] top.hyzhu.springboot.logging.Application : Starting Application using Java 17.0.9 with PID 5204 (E:\Projects\spring-boot-practice\spring-boot-logging\target\classes started by Huany in E:\Projects\spring-boot-practice)
2024-09-11 20:39:30.017 INFO  [restartedMain] top.hyzhu.springboot.logging.Application : No active profile set, falling back to 1 default profile: "default"
2024-09-11 20:39:30.056 INFO  [restartedMain] org.springframework.boot.devtools.env.DevToolsPropertyDefaultsPostProcessor : Devtools property defaults active! Set 'spring.devtools.add-properties' to 'false' to disable
2024-09-11 20:39:30.056 INFO  [restartedMain] org.springframework.boot.devtools.env.DevToolsPropertyDefaultsPostProcessor : For additional web related logging consider setting the 'logging.level.web' property to 'DEBUG'
2024-09-11 20:39:30.931 INFO  [restartedMain] org.springframework.boot.web.embedded.tomcat.TomcatWebServer : Tomcat initialized with port 8080 (http)
2024-09-11 20:39:30.934 INFO  [restartedMain] org.apache.catalina.core.AprLifecycleListener : Loaded Apache Tomcat Native library [2.0.6] using APR version [1.7.4].
2024-09-11 20:39:30.952 INFO  [restartedMain] org.apache.catalina.core.AprLifecycleListener : OpenSSL successfully initialized [OpenSSL 3.0.11 19 Sep 2023]
2024-09-11 20:39:30.964 INFO  [restartedMain] org.apache.coyote.http11.Http11NioProtocol : Initializing ProtocolHandler ["http-nio-8080"]
2024-09-11 20:39:30.969 INFO  [restartedMain] org.apache.catalina.core.StandardService : Starting service [Tomcat]
2024-09-11 20:39:30.969 INFO  [restartedMain] org.apache.catalina.core.StandardEngine : Starting Servlet engine: [Apache Tomcat/10.1.28]
2024-09-11 20:39:31.028 INFO  [restartedMain] org.apache.catalina.core.ContainerBase.[Tomcat].[localhost].[/] : Initializing Spring embedded WebApplicationContext
2024-09-11 20:39:31.028 INFO  [restartedMain] org.springframework.boot.web.servlet.context.ServletWebServerApplicationContext : Root WebApplicationContext: initialization completed in 972 ms
2024-09-11 20:39:31.342 INFO  [restartedMain] org.springframework.boot.devtools.autoconfigure.OptionalLiveReloadServer : LiveReload server is running on port 35729
2024-09-11 20:39:31.351 INFO  [restartedMain] org.apache.coyote.http11.Http11NioProtocol : Starting ProtocolHandler ["http-nio-8080"]
2024-09-11 20:39:31.364 INFO  [restartedMain] org.springframework.boot.web.embedded.tomcat.TomcatWebServer : Tomcat started on port 8080 (http) with context path '/'
2024-09-11 20:39:31.371 INFO  [restartedMain] top.hyzhu.springboot.logging.Application : Started Application in 1.847 seconds (process running for 2.408)
2024-09-11 20:39:31.758 INFO  [http-nio-8080-exec-2] org.apache.catalina.core.ContainerBase.[Tomcat].[localhost].[/] : Initializing Spring DispatcherServlet 'dispatcherServlet'
2024-09-11 20:39:31.759 INFO  [http-nio-8080-exec-2] org.springframework.web.servlet.DispatcherServlet : Initializing Servlet 'dispatcherServlet'
2024-09-11 20:39:31.759 INFO  [http-nio-8080-exec-2] org.springframework.web.servlet.DispatcherServlet : Completed initialization in 0 ms
2024-09-11 20:40:08.851 INFO  [restartedMain] top.hyzhu.springboot.logging.Application : Starting Application using Java 17.0.9 with PID 41520 (E:\Projects\spring-boot-practice\spring-boot-logging\target\classes started by Huany in E:\Projects\spring-boot-practice)
2024-09-11 20:40:08.853 INFO  [restartedMain] top.hyzhu.springboot.logging.Application : No active profile set, falling back to 1 default profile: "default"
2024-09-11 20:40:08.890 INFO  [restartedMain] org.springframework.boot.devtools.env.DevToolsPropertyDefaultsPostProcessor : Devtools property defaults active! Set 'spring.devtools.add-properties' to 'false' to disable
2024-09-11 20:40:08.890 INFO  [restartedMain] org.springframework.boot.devtools.env.DevToolsPropertyDefaultsPostProcessor : For additional web related logging consider setting the 'logging.level.web' property to 'DEBUG'
2024-09-11 20:40:09.511 INFO  [restartedMain] org.springframework.boot.web.embedded.tomcat.TomcatWebServer : Tomcat initialized with port 8080 (http)
2024-09-11 20:40:09.513 INFO  [restartedMain] org.apache.catalina.core.AprLifecycleListener : Loaded Apache Tomcat Native library [2.0.6] using APR version [1.7.4].
2024-09-11 20:40:09.517 INFO  [restartedMain] org.apache.catalina.core.AprLifecycleListener : OpenSSL successfully initialized [OpenSSL 3.0.11 19 Sep 2023]
2024-09-11 20:40:09.523 INFO  [restartedMain] org.apache.coyote.http11.Http11NioProtocol : Initializing ProtocolHandler ["http-nio-8080"]
2024-09-11 20:40:09.525 INFO  [restartedMain] org.apache.catalina.core.StandardService : Starting service [Tomcat]
2024-09-11 20:40:09.525 INFO  [restartedMain] org.apache.catalina.core.StandardEngine : Starting Servlet engine: [Apache Tomcat/10.1.28]
2024-09-11 20:40:09.558 INFO  [restartedMain] org.apache.catalina.core.ContainerBase.[Tomcat].[localhost].[/] : Initializing Spring embedded WebApplicationContext
2024-09-11 20:40:09.558 INFO  [restartedMain] org.springframework.boot.web.servlet.context.ServletWebServerApplicationContext : Root WebApplicationContext: initialization completed in 667 ms
2024-09-11 20:40:09.793 INFO  [restartedMain] org.springframework.boot.devtools.autoconfigure.OptionalLiveReloadServer : LiveReload server is running on port 35729
2024-09-11 20:40:09.804 INFO  [restartedMain] org.apache.coyote.http11.Http11NioProtocol : Starting ProtocolHandler ["http-nio-8080"]
2024-09-11 20:40:09.820 INFO  [restartedMain] org.springframework.boot.web.embedded.tomcat.TomcatWebServer : Tomcat started on port 8080 (http) with context path '/'
2024-09-11 20:40:09.828 INFO  [restartedMain] top.hyzhu.springboot.logging.Application : Started Application in 1.458 seconds (process running for 1.96)
2024-09-11 20:40:10.472 INFO  [http-nio-8080-exec-1] org.apache.catalina.core.ContainerBase.[Tomcat].[localhost].[/] : Initializing Spring DispatcherServlet 'dispatcherServlet'
2024-09-11 20:40:10.472 INFO  [http-nio-8080-exec-1] org.springframework.web.servlet.DispatcherServlet : Initializing Servlet 'dispatcherServlet'
2024-09-11 20:40:10.473 INFO  [http-nio-8080-exec-1] org.springframework.web.servlet.DispatcherServlet : Completed initialization in 0 ms
2024-09-11 20:40:20.141 INFO  [restartedMain] top.hyzhu.springboot.logging.Application : Starting Application using Java 17.0.9 with PID 39504 (E:\Projects\spring-boot-practice\spring-boot-logging\target\classes started by Huany in E:\Projects\spring-boot-practice)
2024-09-11 20:40:20.142 INFO  [restartedMain] top.hyzhu.springboot.logging.Application : No active profile set, falling back to 1 default profile: "default"
2024-09-11 20:40:20.170 INFO  [restartedMain] org.springframework.boot.devtools.env.DevToolsPropertyDefaultsPostProcessor : Devtools property defaults active! Set 'spring.devtools.add-properties' to 'false' to disable
2024-09-11 20:40:20.170 INFO  [restartedMain] org.springframework.boot.devtools.env.DevToolsPropertyDefaultsPostProcessor : For additional web related logging consider setting the 'logging.level.web' property to 'DEBUG'
2024-09-11 20:40:20.718 INFO  [restartedMain] org.springframework.boot.web.embedded.tomcat.TomcatWebServer : Tomcat initialized with port 8080 (http)
2024-09-11 20:40:20.720 INFO  [restartedMain] org.apache.catalina.core.AprLifecycleListener : Loaded Apache Tomcat Native library [2.0.6] using APR version [1.7.4].
2024-09-11 20:40:20.723 INFO  [restartedMain] org.apache.catalina.core.AprLifecycleListener : OpenSSL successfully initialized [OpenSSL 3.0.11 19 Sep 2023]
2024-09-11 20:40:20.728 INFO  [restartedMain] org.apache.coyote.http11.Http11NioProtocol : Initializing ProtocolHandler ["http-nio-8080"]
2024-09-11 20:40:20.730 INFO  [restartedMain] org.apache.catalina.core.StandardService : Starting service [Tomcat]
2024-09-11 20:40:20.731 INFO  [restartedMain] org.apache.catalina.core.StandardEngine : Starting Servlet engine: [Apache Tomcat/10.1.28]
2024-09-11 20:40:20.758 INFO  [restartedMain] org.apache.catalina.core.ContainerBase.[Tomcat].[localhost].[/] : Initializing Spring embedded WebApplicationContext
2024-09-11 20:40:20.758 INFO  [restartedMain] org.springframework.boot.web.servlet.context.ServletWebServerApplicationContext : Root WebApplicationContext: initialization completed in 587 ms
2024-09-11 20:40:20.974 INFO  [restartedMain] org.springframework.boot.devtools.autoconfigure.OptionalLiveReloadServer : LiveReload server is running on port 35729
2024-09-11 20:40:20.984 INFO  [restartedMain] org.apache.coyote.http11.Http11NioProtocol : Starting ProtocolHandler ["http-nio-8080"]
2024-09-11 20:40:20.997 INFO  [restartedMain] org.springframework.boot.web.embedded.tomcat.TomcatWebServer : Tomcat started on port 8080 (http) with context path '/'
2024-09-11 20:40:21.005 INFO  [restartedMain] top.hyzhu.springboot.logging.Application : Started Application in 1.174 seconds (process running for 1.524)
2024-09-11 20:40:24.998 INFO  [http-nio-8080-exec-1] org.apache.catalina.core.ContainerBase.[Tomcat].[localhost].[/] : Initializing Spring DispatcherServlet 'dispatcherServlet'
2024-09-11 20:40:24.999 INFO  [http-nio-8080-exec-1] org.springframework.web.servlet.DispatcherServlet : Initializing Servlet 'dispatcherServlet'
2024-09-11 20:40:24.999 INFO  [http-nio-8080-exec-1] org.springframework.web.servlet.DispatcherServlet : Completed initialization in 0 ms
