2024-09-12 16:13:28.348 INFO  [restartedMain] top.hyzhu.springboot.logging.Application : Starting Application using Java 17.0.9 with PID 16568 (E:\Projects\spring-boot-practice\spring-boot-logging\target\classes started by Huany in E:\Projects\spring-boot-practice)
2024-09-12 16:13:28.352 INFO  [restartedMain] top.hyzhu.springboot.logging.Application : No active profile set, falling back to 1 default profile: "default"
2024-09-12 16:13:28.392 INFO  [restartedMain] org.springframework.boot.devtools.env.DevToolsPropertyDefaultsPostProcessor : Devtools property defaults active! Set 'spring.devtools.add-properties' to 'false' to disable
2024-09-12 16:13:28.392 INFO  [restartedMain] org.springframework.boot.devtools.env.DevToolsPropertyDefaultsPostProcessor : For additional web related logging consider setting the 'logging.level.web' property to 'DEBUG'
2024-09-12 16:13:29.105 INFO  [restartedMain] org.springframework.boot.web.embedded.tomcat.TomcatWebServer : Tomcat initialized with port 8080 (http)
2024-09-12 16:13:29.108 INFO  [restartedMain] org.apache.catalina.core.AprLifecycleListener : Loaded Apache Tomcat Native library [2.0.6] using APR version [1.7.4].
2024-09-12 16:13:29.114 INFO  [restartedMain] org.apache.catalina.core.AprLifecycleListener : OpenSSL successfully initialized [OpenSSL 3.0.11 19 Sep 2023]
2024-09-12 16:13:29.120 INFO  [restartedMain] org.apache.coyote.http11.Http11NioProtocol : Initializing ProtocolHandler ["http-nio-8080"]
2024-09-12 16:13:29.124 INFO  [restartedMain] org.apache.catalina.core.StandardService : Starting service [Tomcat]
2024-09-12 16:13:29.124 INFO  [restartedMain] org.apache.catalina.core.StandardEngine : Starting Servlet engine: [Apache Tomcat/10.1.28]
2024-09-12 16:13:29.159 INFO  [restartedMain] org.apache.catalina.core.ContainerBase.[Tomcat].[localhost].[/] : Initializing Spring embedded WebApplicationContext
2024-09-12 16:13:29.159 INFO  [restartedMain] org.springframework.boot.web.servlet.context.ServletWebServerApplicationContext : Root WebApplicationContext: initialization completed in 766 ms
2024-09-12 16:13:29.433 INFO  [restartedMain] org.springframework.boot.devtools.autoconfigure.OptionalLiveReloadServer : LiveReload server is running on port 35729
2024-09-12 16:13:29.444 INFO  [restartedMain] org.apache.coyote.http11.Http11NioProtocol : Starting ProtocolHandler ["http-nio-8080"]
2024-09-12 16:13:29.462 INFO  [restartedMain] org.springframework.boot.web.embedded.tomcat.TomcatWebServer : Tomcat started on port 8080 (http) with context path '/'
2024-09-12 16:13:29.469 INFO  [restartedMain] top.hyzhu.springboot.logging.Application : Started Application in 1.623 seconds (process running for 1.977)
2024-09-12 16:13:33.972 INFO  [http-nio-8080-exec-2] org.apache.catalina.core.ContainerBase.[Tomcat].[localhost].[/] : Initializing Spring DispatcherServlet 'dispatcherServlet'
2024-09-12 16:13:33.972 INFO  [http-nio-8080-exec-2] org.springframework.web.servlet.DispatcherServlet : Initializing Servlet 'dispatcherServlet'
2024-09-12 16:13:33.973 INFO  [http-nio-8080-exec-2] org.springframework.web.servlet.DispatcherServlet : Completed initialization in 1 ms
2024-09-12 16:13:33.999 DEBUG [http-nio-8080-exec-2] top.hyzhu.springboot.logging.controller.LogController : This is a DEBUG log
2024-09-12 16:13:33.999 INFO  [http-nio-8080-exec-2] top.hyzhu.springboot.logging.controller.LogController : This is an INFO log
2024-09-12 16:13:33.999 WARN  [http-nio-8080-exec-2] top.hyzhu.springboot.logging.controller.LogController : This is a WARN log
2024-09-12 16:13:33.999 ERROR [http-nio-8080-exec-2] top.hyzhu.springboot.logging.controller.LogController : This is an ERROR log
2024-09-12 16:13:49.488 DEBUG [http-nio-8080-exec-1] top.hyzhu.springboot.logging.controller.LogController : This is a DEBUG log
2024-09-12 16:13:49.488 INFO  [http-nio-8080-exec-1] top.hyzhu.springboot.logging.controller.LogController : This is an INFO log
2024-09-12 16:13:49.488 WARN  [http-nio-8080-exec-1] top.hyzhu.springboot.logging.controller.LogController : This is a WARN log
2024-09-12 16:13:49.488 ERROR [http-nio-8080-exec-1] top.hyzhu.springboot.logging.controller.LogController : This is an ERROR log
2024-09-12 16:13:59.397 INFO  [restartedMain] top.hyzhu.springboot.logging.Application : Starting Application using Java 17.0.9 with PID 26592 (E:\Projects\spring-boot-practice\spring-boot-logging\target\classes started by Huany in E:\Projects\spring-boot-practice)
2024-09-12 16:13:59.398 INFO  [restartedMain] top.hyzhu.springboot.logging.Application : No active profile set, falling back to 1 default profile: "default"
2024-09-12 16:13:59.426 INFO  [restartedMain] org.springframework.boot.devtools.env.DevToolsPropertyDefaultsPostProcessor : Devtools property defaults active! Set 'spring.devtools.add-properties' to 'false' to disable
2024-09-12 16:13:59.426 INFO  [restartedMain] org.springframework.boot.devtools.env.DevToolsPropertyDefaultsPostProcessor : For additional web related logging consider setting the 'logging.level.web' property to 'DEBUG'
2024-09-12 16:13:59.982 INFO  [restartedMain] org.springframework.boot.web.embedded.tomcat.TomcatWebServer : Tomcat initialized with port 8080 (http)
2024-09-12 16:13:59.985 INFO  [restartedMain] org.apache.catalina.core.AprLifecycleListener : Loaded Apache Tomcat Native library [2.0.6] using APR version [1.7.4].
2024-09-12 16:13:59.990 INFO  [restartedMain] org.apache.catalina.core.AprLifecycleListener : OpenSSL successfully initialized [OpenSSL 3.0.11 19 Sep 2023]
2024-09-12 16:13:59.998 INFO  [restartedMain] org.apache.coyote.http11.Http11NioProtocol : Initializing ProtocolHandler ["http-nio-8080"]
2024-09-12 16:14:00.000 INFO  [restartedMain] org.apache.catalina.core.StandardService : Starting service [Tomcat]
2024-09-12 16:14:00.001 INFO  [restartedMain] org.apache.catalina.core.StandardEngine : Starting Servlet engine: [Apache Tomcat/10.1.28]
2024-09-12 16:14:00.052 INFO  [restartedMain] org.apache.catalina.core.ContainerBase.[Tomcat].[localhost].[/] : Initializing Spring embedded WebApplicationContext
2024-09-12 16:14:00.053 INFO  [restartedMain] org.springframework.boot.web.servlet.context.ServletWebServerApplicationContext : Root WebApplicationContext: initialization completed in 627 ms
2024-09-12 16:14:00.297 INFO  [restartedMain] org.springframework.boot.devtools.autoconfigure.OptionalLiveReloadServer : LiveReload server is running on port 35729
2024-09-12 16:14:00.306 INFO  [restartedMain] org.apache.coyote.http11.Http11NioProtocol : Starting ProtocolHandler ["http-nio-8080"]
2024-09-12 16:14:00.329 INFO  [restartedMain] org.springframework.boot.web.embedded.tomcat.TomcatWebServer : Tomcat started on port 8080 (http) with context path '/'
2024-09-12 16:14:00.337 INFO  [restartedMain] top.hyzhu.springboot.logging.Application : Started Application in 1.267 seconds (process running for 1.722)
2024-09-12 16:14:10.520 INFO  [http-nio-8080-exec-1] org.apache.catalina.core.ContainerBase.[Tomcat].[localhost].[/] : Initializing Spring DispatcherServlet 'dispatcherServlet'
2024-09-12 16:14:10.520 INFO  [http-nio-8080-exec-1] org.springframework.web.servlet.DispatcherServlet : Initializing Servlet 'dispatcherServlet'
2024-09-12 16:14:10.521 INFO  [http-nio-8080-exec-1] org.springframework.web.servlet.DispatcherServlet : Completed initialization in 1 ms
2024-09-12 16:14:10.539 DEBUG [http-nio-8080-exec-1] top.hyzhu.springboot.logging.controller.LogController : This is a DEBUG log
2024-09-12 16:14:10.539 INFO  [http-nio-8080-exec-1] top.hyzhu.springboot.logging.controller.LogController : This is an INFO log
2024-09-12 16:14:10.539 WARN  [http-nio-8080-exec-1] top.hyzhu.springboot.logging.controller.LogController : This is a WARN log
2024-09-12 16:14:10.539 ERROR [http-nio-8080-exec-1] top.hyzhu.springboot.logging.controller.LogController : This is an ERROR log
2024-09-12 16:14:13.520 DEBUG [http-nio-8080-exec-2] top.hyzhu.springboot.logging.controller.LogController : This is a DEBUG log
2024-09-12 16:14:13.520 INFO  [http-nio-8080-exec-2] top.hyzhu.springboot.logging.controller.LogController : This is an INFO log
2024-09-12 16:14:13.520 WARN  [http-nio-8080-exec-2] top.hyzhu.springboot.logging.controller.LogController : This is a WARN log
2024-09-12 16:14:13.520 ERROR [http-nio-8080-exec-2] top.hyzhu.springboot.logging.controller.LogController : This is an ERROR log
2024-09-12 16:14:49.230 INFO  [File Watcher] org.springframework.boot.devtools.autoconfigure.LocalDevToolsAutoConfiguration$RestartingClassPathChangeChangedEventListener : Restarting due to 1 class path change (0 additions, 0 deletions, 1 modification)
2024-09-12 16:14:49.234 INFO  [Thread-5] org.apache.coyote.http11.Http11NioProtocol : Stopping ProtocolHandler ["http-nio-8080"]
2024-09-12 16:14:49.470 INFO  [restartedMain] top.hyzhu.springboot.logging.Application : Starting Application using Java 17.0.9 with PID 26592 (E:\Projects\spring-boot-practice\spring-boot-logging\target\classes started by Huany in E:\Projects\spring-boot-practice)
2024-09-12 16:14:49.470 INFO  [restartedMain] top.hyzhu.springboot.logging.Application : No active profile set, falling back to 1 default profile: "default"
2024-09-12 16:14:49.584 INFO  [restartedMain] org.springframework.boot.web.embedded.tomcat.TomcatWebServer : Tomcat initialized with port 8080 (http)
2024-09-12 16:14:49.585 INFO  [restartedMain] org.apache.catalina.core.AprLifecycleListener : Loaded Apache Tomcat Native library [2.0.6] using APR version [1.7.4].
2024-09-12 16:14:49.585 INFO  [restartedMain] org.apache.catalina.core.AprLifecycleListener : OpenSSL successfully initialized [OpenSSL 3.0.11 19 Sep 2023]
2024-09-12 16:14:49.586 INFO  [restartedMain] org.apache.coyote.http11.Http11NioProtocol : Initializing ProtocolHandler ["http-nio-8080"]
2024-09-12 16:14:49.586 INFO  [restartedMain] org.apache.catalina.core.StandardService : Starting service [Tomcat]
2024-09-12 16:14:49.586 INFO  [restartedMain] org.apache.catalina.core.StandardEngine : Starting Servlet engine: [Apache Tomcat/10.1.28]
2024-09-12 16:14:49.597 INFO  [restartedMain] org.apache.catalina.core.ContainerBase.[Tomcat].[localhost].[/] : Initializing Spring embedded WebApplicationContext
2024-09-12 16:14:49.597 INFO  [restartedMain] org.springframework.boot.web.servlet.context.ServletWebServerApplicationContext : Root WebApplicationContext: initialization completed in 125 ms
2024-09-12 16:14:49.645 INFO  [restartedMain] org.springframework.boot.devtools.autoconfigure.OptionalLiveReloadServer : LiveReload server is running on port 35729
2024-09-12 16:14:49.649 INFO  [restartedMain] org.apache.coyote.http11.Http11NioProtocol : Starting ProtocolHandler ["http-nio-8080"]
2024-09-12 16:14:49.652 INFO  [restartedMain] org.springframework.boot.web.embedded.tomcat.TomcatWebServer : Tomcat started on port 8080 (http) with context path '/'
2024-09-12 16:14:49.655 INFO  [restartedMain] top.hyzhu.springboot.logging.Application : Started Application in 0.219 seconds (process running for 51.04)
2024-09-12 16:14:49.656 INFO  [restartedMain] org.springframework.boot.devtools.autoconfigure.ConditionEvaluationDeltaLoggingListener : Condition evaluation unchanged
2024-09-12 16:14:59.000 INFO  [restartedMain] top.hyzhu.springboot.logging.Application : Starting Application using Java 17.0.9 with PID 3436 (E:\Projects\spring-boot-practice\spring-boot-logging\target\classes started by Huany in E:\Projects\spring-boot-practice)
2024-09-12 16:14:59.002 INFO  [restartedMain] top.hyzhu.springboot.logging.Application : No active profile set, falling back to 1 default profile: "default"
2024-09-12 16:14:59.028 INFO  [restartedMain] org.springframework.boot.devtools.env.DevToolsPropertyDefaultsPostProcessor : Devtools property defaults active! Set 'spring.devtools.add-properties' to 'false' to disable
2024-09-12 16:14:59.028 INFO  [restartedMain] org.springframework.boot.devtools.env.DevToolsPropertyDefaultsPostProcessor : For additional web related logging consider setting the 'logging.level.web' property to 'DEBUG'
2024-09-12 16:14:59.617 INFO  [restartedMain] org.springframework.boot.web.embedded.tomcat.TomcatWebServer : Tomcat initialized with port 8080 (http)
2024-09-12 16:14:59.620 INFO  [restartedMain] org.apache.catalina.core.AprLifecycleListener : Loaded Apache Tomcat Native library [2.0.6] using APR version [1.7.4].
2024-09-12 16:14:59.623 INFO  [restartedMain] org.apache.catalina.core.AprLifecycleListener : OpenSSL successfully initialized [OpenSSL 3.0.11 19 Sep 2023]
2024-09-12 16:14:59.628 INFO  [restartedMain] org.apache.coyote.http11.Http11NioProtocol : Initializing ProtocolHandler ["http-nio-8080"]
2024-09-12 16:14:59.630 INFO  [restartedMain] org.apache.catalina.core.StandardService : Starting service [Tomcat]
2024-09-12 16:14:59.630 INFO  [restartedMain] org.apache.catalina.core.StandardEngine : Starting Servlet engine: [Apache Tomcat/10.1.28]
2024-09-12 16:14:59.668 INFO  [restartedMain] org.apache.catalina.core.ContainerBase.[Tomcat].[localhost].[/] : Initializing Spring embedded WebApplicationContext
2024-09-12 16:14:59.668 INFO  [restartedMain] org.springframework.boot.web.servlet.context.ServletWebServerApplicationContext : Root WebApplicationContext: initialization completed in 639 ms
2024-09-12 16:14:59.918 INFO  [restartedMain] org.springframework.boot.devtools.autoconfigure.OptionalLiveReloadServer : LiveReload server is running on port 35729
2024-09-12 16:14:59.926 INFO  [restartedMain] org.apache.coyote.http11.Http11NioProtocol : Starting ProtocolHandler ["http-nio-8080"]
2024-09-12 16:14:59.938 INFO  [restartedMain] org.springframework.boot.web.embedded.tomcat.TomcatWebServer : Tomcat started on port 8080 (http) with context path '/'
2024-09-12 16:14:59.945 INFO  [restartedMain] top.hyzhu.springboot.logging.Application : Started Application in 1.332 seconds (process running for 1.786)
2024-09-12 16:17:02.008 INFO  [http-nio-8080-exec-2] org.apache.catalina.core.ContainerBase.[Tomcat].[localhost].[/] : Initializing Spring DispatcherServlet 'dispatcherServlet'
2024-09-12 16:17:02.008 INFO  [http-nio-8080-exec-2] org.springframework.web.servlet.DispatcherServlet : Initializing Servlet 'dispatcherServlet'
2024-09-12 16:17:02.009 INFO  [http-nio-8080-exec-2] org.springframework.web.servlet.DispatcherServlet : Completed initialization in 1 ms
2024-09-12 16:17:02.029 DEBUG [http-nio-8080-exec-2] top.hyzhu.springboot.logging.controller.LogController : This is a DEBUG log
2024-09-12 16:17:02.030 INFO  [http-nio-8080-exec-2] top.hyzhu.springboot.logging.controller.LogController : This is an INFO log
2024-09-12 16:17:02.030 WARN  [http-nio-8080-exec-2] top.hyzhu.springboot.logging.controller.LogController : This is a WARN log
2024-09-12 16:17:02.030 ERROR [http-nio-8080-exec-2] top.hyzhu.springboot.logging.controller.LogController : This is an ERROR log
2024-09-12 16:27:10.250 INFO  [restartedMain] top.hyzhu.springboot.logging.Application : Starting Application using Java 17.0.9 with PID 26560 (E:\Projects\spring-boot-practice\spring-boot-logging\target\classes started by Huany in E:\Projects\spring-boot-practice)
2024-09-12 16:27:10.251 INFO  [restartedMain] top.hyzhu.springboot.logging.Application : No active profile set, falling back to 1 default profile: "default"
2024-09-12 16:27:10.281 INFO  [restartedMain] org.springframework.boot.devtools.env.DevToolsPropertyDefaultsPostProcessor : Devtools property defaults active! Set 'spring.devtools.add-properties' to 'false' to disable
2024-09-12 16:27:10.281 INFO  [restartedMain] org.springframework.boot.devtools.env.DevToolsPropertyDefaultsPostProcessor : For additional web related logging consider setting the 'logging.level.web' property to 'DEBUG'
2024-09-12 16:27:10.965 INFO  [restartedMain] org.springframework.boot.web.embedded.tomcat.TomcatWebServer : Tomcat initialized with port 8080 (http)
2024-09-12 16:27:10.968 INFO  [restartedMain] org.apache.catalina.core.AprLifecycleListener : Loaded Apache Tomcat Native library [2.0.6] using APR version [1.7.4].
2024-09-12 16:27:10.982 INFO  [restartedMain] org.apache.catalina.core.AprLifecycleListener : OpenSSL successfully initialized [OpenSSL 3.0.11 19 Sep 2023]
2024-09-12 16:27:10.991 INFO  [restartedMain] org.apache.coyote.http11.Http11NioProtocol : Initializing ProtocolHandler ["http-nio-8080"]
2024-09-12 16:27:10.994 INFO  [restartedMain] org.apache.catalina.core.StandardService : Starting service [Tomcat]
2024-09-12 16:27:10.996 INFO  [restartedMain] org.apache.catalina.core.StandardEngine : Starting Servlet engine: [Apache Tomcat/10.1.28]
2024-09-12 16:27:11.031 INFO  [restartedMain] org.apache.catalina.core.ContainerBase.[Tomcat].[localhost].[/] : Initializing Spring embedded WebApplicationContext
2024-09-12 16:27:11.032 INFO  [restartedMain] org.springframework.boot.web.servlet.context.ServletWebServerApplicationContext : Root WebApplicationContext: initialization completed in 749 ms
2024-09-12 16:27:11.279 INFO  [restartedMain] org.springframework.boot.devtools.autoconfigure.OptionalLiveReloadServer : LiveReload server is running on port 35729
2024-09-12 16:27:11.288 INFO  [restartedMain] org.apache.coyote.http11.Http11NioProtocol : Starting ProtocolHandler ["http-nio-8080"]
2024-09-12 16:27:11.301 INFO  [restartedMain] org.springframework.boot.web.embedded.tomcat.TomcatWebServer : Tomcat started on port 8080 (http) with context path '/'
2024-09-12 16:27:11.308 INFO  [restartedMain] top.hyzhu.springboot.logging.Application : Started Application in 1.458 seconds (process running for 1.968)
2024-09-12 16:30:00.855 INFO  [restartedMain] top.hyzhu.springboot.logging.Application : Starting Application using Java 17.0.9 with PID 25672 (E:\Projects\spring-boot-practice\spring-boot-logging\target\classes started by Huany in E:\Projects\spring-boot-practice)
2024-09-12 16:30:00.856 INFO  [restartedMain] top.hyzhu.springboot.logging.Application : No active profile set, falling back to 1 default profile: "default"
2024-09-12 16:30:00.884 INFO  [restartedMain] org.springframework.boot.devtools.env.DevToolsPropertyDefaultsPostProcessor : Devtools property defaults active! Set 'spring.devtools.add-properties' to 'false' to disable
2024-09-12 16:30:00.884 INFO  [restartedMain] org.springframework.boot.devtools.env.DevToolsPropertyDefaultsPostProcessor : For additional web related logging consider setting the 'logging.level.web' property to 'DEBUG'
2024-09-12 16:30:01.475 INFO  [restartedMain] org.springframework.boot.web.embedded.tomcat.TomcatWebServer : Tomcat initialized with port 8080 (http)
2024-09-12 16:30:01.479 INFO  [restartedMain] org.apache.catalina.core.AprLifecycleListener : Loaded Apache Tomcat Native library [2.0.6] using APR version [1.7.4].
2024-09-12 16:30:01.484 INFO  [restartedMain] org.apache.catalina.core.AprLifecycleListener : OpenSSL successfully initialized [OpenSSL 3.0.11 19 Sep 2023]
2024-09-12 16:30:01.494 INFO  [restartedMain] org.apache.coyote.http11.Http11NioProtocol : Initializing ProtocolHandler ["http-nio-8080"]
2024-09-12 16:30:01.498 INFO  [restartedMain] org.apache.catalina.core.StandardService : Starting service [Tomcat]
2024-09-12 16:30:01.498 INFO  [restartedMain] org.apache.catalina.core.StandardEngine : Starting Servlet engine: [Apache Tomcat/10.1.28]
2024-09-12 16:30:01.548 INFO  [restartedMain] org.apache.catalina.core.ContainerBase.[Tomcat].[localhost].[/] : Initializing Spring embedded WebApplicationContext
2024-09-12 16:30:01.549 INFO  [restartedMain] org.springframework.boot.web.servlet.context.ServletWebServerApplicationContext : Root WebApplicationContext: initialization completed in 662 ms
2024-09-12 16:30:01.773 INFO  [restartedMain] org.springframework.boot.devtools.autoconfigure.OptionalLiveReloadServer : LiveReload server is running on port 35729
2024-09-12 16:30:01.784 INFO  [restartedMain] org.apache.coyote.http11.Http11NioProtocol : Starting ProtocolHandler ["http-nio-8080"]
2024-09-12 16:30:01.795 INFO  [restartedMain] org.springframework.boot.web.embedded.tomcat.TomcatWebServer : Tomcat started on port 8080 (http) with context path '/'
2024-09-12 16:30:01.802 INFO  [restartedMain] top.hyzhu.springboot.logging.Application : Started Application in 1.262 seconds (process running for 1.627)
2024-09-12 16:31:48.393 INFO  [restartedMain] top.hyzhu.springboot.logging.Application : Starting Application using Java 17.0.9 with PID 29412 (E:\Projects\spring-boot-practice\spring-boot-logging\target\classes started by Huany in E:\Projects\spring-boot-practice)
2024-09-12 16:31:48.394 INFO  [restartedMain] top.hyzhu.springboot.logging.Application : No active profile set, falling back to 1 default profile: "default"
2024-09-12 16:31:48.423 INFO  [restartedMain] org.springframework.boot.devtools.env.DevToolsPropertyDefaultsPostProcessor : Devtools property defaults active! Set 'spring.devtools.add-properties' to 'false' to disable
2024-09-12 16:31:48.423 INFO  [restartedMain] org.springframework.boot.devtools.env.DevToolsPropertyDefaultsPostProcessor : For additional web related logging consider setting the 'logging.level.web' property to 'DEBUG'
2024-09-12 16:31:48.974 INFO  [restartedMain] org.springframework.boot.web.embedded.tomcat.TomcatWebServer : Tomcat initialized with port 8080 (http)
2024-09-12 16:31:48.976 INFO  [restartedMain] org.apache.catalina.core.AprLifecycleListener : Loaded Apache Tomcat Native library [2.0.6] using APR version [1.7.4].
2024-09-12 16:31:48.980 INFO  [restartedMain] org.apache.catalina.core.AprLifecycleListener : OpenSSL successfully initialized [OpenSSL 3.0.11 19 Sep 2023]
2024-09-12 16:31:48.985 INFO  [restartedMain] org.apache.coyote.http11.Http11NioProtocol : Initializing ProtocolHandler ["http-nio-8080"]
2024-09-12 16:31:48.987 INFO  [restartedMain] org.apache.catalina.core.StandardService : Starting service [Tomcat]
2024-09-12 16:31:48.987 INFO  [restartedMain] org.apache.catalina.core.StandardEngine : Starting Servlet engine: [Apache Tomcat/10.1.28]
2024-09-12 16:31:49.015 INFO  [restartedMain] org.apache.catalina.core.ContainerBase.[Tomcat].[localhost].[/] : Initializing Spring embedded WebApplicationContext
2024-09-12 16:31:49.015 INFO  [restartedMain] org.springframework.boot.web.servlet.context.ServletWebServerApplicationContext : Root WebApplicationContext: initialization completed in 592 ms
2024-09-12 16:31:49.218 INFO  [restartedMain] org.springframework.boot.devtools.autoconfigure.OptionalLiveReloadServer : LiveReload server is running on port 35729
2024-09-12 16:31:49.228 INFO  [restartedMain] org.apache.coyote.http11.Http11NioProtocol : Starting ProtocolHandler ["http-nio-8080"]
2024-09-12 16:31:49.240 INFO  [restartedMain] org.springframework.boot.web.embedded.tomcat.TomcatWebServer : Tomcat started on port 8080 (http) with context path '/'
2024-09-12 16:31:49.248 INFO  [restartedMain] top.hyzhu.springboot.logging.Application : Started Application in 1.166 seconds (process running for 1.559)
2024-09-12 16:32:02.917 INFO  [http-nio-8080-exec-1] org.apache.catalina.core.ContainerBase.[Tomcat].[localhost].[/] : Initializing Spring DispatcherServlet 'dispatcherServlet'
2024-09-12 16:32:02.917 INFO  [http-nio-8080-exec-1] org.springframework.web.servlet.DispatcherServlet : Initializing Servlet 'dispatcherServlet'
2024-09-12 16:32:02.917 INFO  [http-nio-8080-exec-1] org.springframework.web.servlet.DispatcherServlet : Completed initialization in 0 ms
2024-09-12 16:32:02.938 DEBUG [http-nio-8080-exec-1] top.hyzhu.springboot.logging.controller.LogController : This is a DEBUG log
2024-09-12 16:32:02.938 INFO  [http-nio-8080-exec-1] top.hyzhu.springboot.logging.controller.LogController : This is an INFO log
2024-09-12 16:32:02.938 WARN  [http-nio-8080-exec-1] top.hyzhu.springboot.logging.controller.LogController : This is a WARN log
2024-09-12 16:32:02.938 ERROR [http-nio-8080-exec-1] top.hyzhu.springboot.logging.controller.LogController : This is an ERROR log
2024-09-12 16:32:08.791 INFO  [File Watcher] org.springframework.boot.devtools.autoconfigure.LocalDevToolsAutoConfiguration$RestartingClassPathChangeChangedEventListener : Restarting due to 1 class path change (0 additions, 0 deletions, 1 modification)
2024-09-12 16:32:08.794 INFO  [Thread-5] org.apache.coyote.http11.Http11NioProtocol : Stopping ProtocolHandler ["http-nio-8080"]
2024-09-12 16:32:09.104 INFO  [restartedMain] top.hyzhu.springboot.logging.Application : Starting Application using Java 17.0.9 with PID 29412 (E:\Projects\spring-boot-practice\spring-boot-logging\target\classes started by Huany in E:\Projects\spring-boot-practice)
2024-09-12 16:32:09.105 INFO  [restartedMain] top.hyzhu.springboot.logging.Application : No active profile set, falling back to 1 default profile: "default"
2024-09-12 16:32:09.206 INFO  [restartedMain] org.springframework.boot.web.embedded.tomcat.TomcatWebServer : Tomcat initialized with port 8080 (http)
2024-09-12 16:32:09.206 INFO  [restartedMain] org.apache.catalina.core.AprLifecycleListener : Loaded Apache Tomcat Native library [2.0.6] using APR version [1.7.4].
2024-09-12 16:32:09.206 INFO  [restartedMain] org.apache.catalina.core.AprLifecycleListener : OpenSSL successfully initialized [OpenSSL 3.0.11 19 Sep 2023]
2024-09-12 16:32:09.206 INFO  [restartedMain] org.apache.coyote.http11.Http11NioProtocol : Initializing ProtocolHandler ["http-nio-8080"]
2024-09-12 16:32:09.206 INFO  [restartedMain] org.apache.catalina.core.StandardService : Starting service [Tomcat]
2024-09-12 16:32:09.206 INFO  [restartedMain] org.apache.catalina.core.StandardEngine : Starting Servlet engine: [Apache Tomcat/10.1.28]
2024-09-12 16:32:09.214 INFO  [restartedMain] org.apache.catalina.core.ContainerBase.[Tomcat].[localhost].[/] : Initializing Spring embedded WebApplicationContext
2024-09-12 16:32:09.214 INFO  [restartedMain] org.springframework.boot.web.servlet.context.ServletWebServerApplicationContext : Root WebApplicationContext: initialization completed in 108 ms
2024-09-12 16:32:09.253 INFO  [restartedMain] org.springframework.boot.devtools.autoconfigure.OptionalLiveReloadServer : LiveReload server is running on port 35729
2024-09-12 16:32:09.256 INFO  [restartedMain] org.apache.coyote.http11.Http11NioProtocol : Starting ProtocolHandler ["http-nio-8080"]
2024-09-12 16:32:09.258 INFO  [restartedMain] org.springframework.boot.web.embedded.tomcat.TomcatWebServer : Tomcat started on port 8080 (http) with context path '/'
2024-09-12 16:32:09.261 INFO  [restartedMain] top.hyzhu.springboot.logging.Application : Started Application in 0.194 seconds (process running for 21.572)
2024-09-12 16:32:09.262 INFO  [restartedMain] org.springframework.boot.devtools.autoconfigure.ConditionEvaluationDeltaLoggingListener : Condition evaluation unchanged
2024-09-12 16:32:11.283 INFO  [http-nio-8080-exec-1] org.apache.catalina.core.ContainerBase.[Tomcat].[localhost].[/] : Initializing Spring DispatcherServlet 'dispatcherServlet'
2024-09-12 16:32:11.285 INFO  [http-nio-8080-exec-1] org.springframework.web.servlet.DispatcherServlet : Initializing Servlet 'dispatcherServlet'
2024-09-12 16:32:11.285 INFO  [http-nio-8080-exec-1] org.springframework.web.servlet.DispatcherServlet : Completed initialization in 0 ms
2024-09-12 16:32:11.285 INFO  [http-nio-8080-exec-1] top.hyzhu.springboot.logging.controller.LogController : This is an INFO log
2024-09-12 16:32:11.285 WARN  [http-nio-8080-exec-1] top.hyzhu.springboot.logging.controller.LogController : This is a WARN log
2024-09-12 16:32:11.285 ERROR [http-nio-8080-exec-1] top.hyzhu.springboot.logging.controller.LogController : This is an ERROR log
2024-09-12 16:33:32.213 INFO  [restartedMain] top.hyzhu.springboot.logging.Application : Starting Application using Java 17.0.9 with PID 2452 (E:\Projects\spring-boot-practice\spring-boot-logging\target\classes started by Huany in E:\Projects\spring-boot-practice)
2024-09-12 16:33:32.214 INFO  [restartedMain] top.hyzhu.springboot.logging.Application : No active profile set, falling back to 1 default profile: "default"
2024-09-12 16:33:32.244 INFO  [restartedMain] org.springframework.boot.devtools.env.DevToolsPropertyDefaultsPostProcessor : Devtools property defaults active! Set 'spring.devtools.add-properties' to 'false' to disable
2024-09-12 16:33:32.244 INFO  [restartedMain] org.springframework.boot.devtools.env.DevToolsPropertyDefaultsPostProcessor : For additional web related logging consider setting the 'logging.level.web' property to 'DEBUG'
2024-09-12 16:33:32.816 INFO  [restartedMain] org.springframework.boot.web.embedded.tomcat.TomcatWebServer : Tomcat initialized with port 8080 (http)
2024-09-12 16:33:32.820 INFO  [restartedMain] org.apache.catalina.core.AprLifecycleListener : Loaded Apache Tomcat Native library [2.0.6] using APR version [1.7.4].
2024-09-12 16:33:32.824 INFO  [restartedMain] org.apache.catalina.core.AprLifecycleListener : OpenSSL successfully initialized [OpenSSL 3.0.11 19 Sep 2023]
2024-09-12 16:33:32.832 INFO  [restartedMain] org.apache.coyote.http11.Http11NioProtocol : Initializing ProtocolHandler ["http-nio-8080"]
2024-09-12 16:33:32.834 INFO  [restartedMain] org.apache.catalina.core.StandardService : Starting service [Tomcat]
2024-09-12 16:33:32.834 INFO  [restartedMain] org.apache.catalina.core.StandardEngine : Starting Servlet engine: [Apache Tomcat/10.1.28]
2024-09-12 16:33:32.869 INFO  [restartedMain] org.apache.catalina.core.ContainerBase.[Tomcat].[localhost].[/] : Initializing Spring embedded WebApplicationContext
2024-09-12 16:33:32.869 INFO  [restartedMain] org.springframework.boot.web.servlet.context.ServletWebServerApplicationContext : Root WebApplicationContext: initialization completed in 625 ms
2024-09-12 16:33:33.099 INFO  [restartedMain] org.springframework.boot.devtools.autoconfigure.OptionalLiveReloadServer : LiveReload server is running on port 35729
2024-09-12 16:33:33.110 INFO  [restartedMain] org.apache.coyote.http11.Http11NioProtocol : Starting ProtocolHandler ["http-nio-8080"]
2024-09-12 16:33:33.124 INFO  [restartedMain] org.springframework.boot.web.embedded.tomcat.TomcatWebServer : Tomcat started on port 8080 (http) with context path '/'
2024-09-12 16:33:33.131 INFO  [restartedMain] top.hyzhu.springboot.logging.Application : Started Application in 1.245 seconds (process running for 1.656)
2024-09-12 16:34:04.801 INFO  [restartedMain] top.hyzhu.springboot.logging.Application : Starting Application using Java 17.0.9 with PID 19752 (E:\Projects\spring-boot-practice\spring-boot-logging\target\classes started by Huany in E:\Projects\spring-boot-practice)
2024-09-12 16:34:04.803 INFO  [restartedMain] top.hyzhu.springboot.logging.Application : No active profile set, falling back to 1 default profile: "default"
2024-09-12 16:34:04.831 INFO  [restartedMain] org.springframework.boot.devtools.env.DevToolsPropertyDefaultsPostProcessor : Devtools property defaults active! Set 'spring.devtools.add-properties' to 'false' to disable
2024-09-12 16:34:04.831 INFO  [restartedMain] org.springframework.boot.devtools.env.DevToolsPropertyDefaultsPostProcessor : For additional web related logging consider setting the 'logging.level.web' property to 'DEBUG'
2024-09-12 16:34:05.382 INFO  [restartedMain] org.springframework.boot.web.embedded.tomcat.TomcatWebServer : Tomcat initialized with port 8080 (http)
2024-09-12 16:34:05.384 INFO  [restartedMain] org.apache.catalina.core.AprLifecycleListener : Loaded Apache Tomcat Native library [2.0.6] using APR version [1.7.4].
2024-09-12 16:34:05.386 INFO  [restartedMain] org.apache.catalina.core.AprLifecycleListener : OpenSSL successfully initialized [OpenSSL 3.0.11 19 Sep 2023]
2024-09-12 16:34:05.392 INFO  [restartedMain] org.apache.coyote.http11.Http11NioProtocol : Initializing ProtocolHandler ["http-nio-8080"]
2024-09-12 16:34:05.395 INFO  [restartedMain] org.apache.catalina.core.StandardService : Starting service [Tomcat]
2024-09-12 16:34:05.396 INFO  [restartedMain] org.apache.catalina.core.StandardEngine : Starting Servlet engine: [Apache Tomcat/10.1.28]
2024-09-12 16:34:05.428 INFO  [restartedMain] org.apache.catalina.core.ContainerBase.[Tomcat].[localhost].[/] : Initializing Spring embedded WebApplicationContext
2024-09-12 16:34:05.428 INFO  [restartedMain] org.springframework.boot.web.servlet.context.ServletWebServerApplicationContext : Root WebApplicationContext: initialization completed in 597 ms
2024-09-12 16:34:05.659 INFO  [restartedMain] org.springframework.boot.devtools.autoconfigure.OptionalLiveReloadServer : LiveReload server is running on port 35729
2024-09-12 16:34:05.670 INFO  [restartedMain] org.apache.coyote.http11.Http11NioProtocol : Starting ProtocolHandler ["http-nio-8080"]
2024-09-12 16:34:05.682 INFO  [restartedMain] org.springframework.boot.web.embedded.tomcat.TomcatWebServer : Tomcat started on port 8080 (http) with context path '/'
2024-09-12 16:34:05.689 INFO  [restartedMain] top.hyzhu.springboot.logging.Application : Started Application in 1.216 seconds (process running for 1.613)
2024-09-12 16:34:17.980 INFO  [http-nio-8080-exec-1] org.apache.catalina.core.ContainerBase.[Tomcat].[localhost].[/] : Initializing Spring DispatcherServlet 'dispatcherServlet'
2024-09-12 16:34:17.980 INFO  [http-nio-8080-exec-1] org.springframework.web.servlet.DispatcherServlet : Initializing Servlet 'dispatcherServlet'
2024-09-12 16:34:17.980 INFO  [http-nio-8080-exec-1] org.springframework.web.servlet.DispatcherServlet : Completed initialization in 0 ms
2024-09-12 16:34:18.004 INFO  [http-nio-8080-exec-1] top.hyzhu.springboot.logging.controller.LogController : This is an INFO log
2024-09-12 16:34:18.004 WARN  [http-nio-8080-exec-1] top.hyzhu.springboot.logging.controller.LogController : This is a WARN log
2024-09-12 16:34:18.004 ERROR [http-nio-8080-exec-1] top.hyzhu.springboot.logging.controller.LogController : This is an ERROR log
2024-09-12 16:34:22.718 INFO  [http-nio-8080-exec-4] top.hyzhu.springboot.logging.controller.LogController : This is an INFO log
2024-09-12 16:34:22.718 WARN  [http-nio-8080-exec-4] top.hyzhu.springboot.logging.controller.LogController : This is a WARN log
2024-09-12 16:34:22.718 ERROR [http-nio-8080-exec-4] top.hyzhu.springboot.logging.controller.LogController : This is an ERROR log
2024-09-12 16:34:22.939 INFO  [http-nio-8080-exec-6] top.hyzhu.springboot.logging.controller.LogController : This is an INFO log
2024-09-12 16:34:22.939 WARN  [http-nio-8080-exec-6] top.hyzhu.springboot.logging.controller.LogController : This is a WARN log
2024-09-12 16:34:22.939 ERROR [http-nio-8080-exec-6] top.hyzhu.springboot.logging.controller.LogController : This is an ERROR log
2024-09-12 16:35:18.507 INFO  [http-nio-8080-exec-7] top.hyzhu.springboot.logging.controller.LogController : This is an INFO log
2024-09-12 16:35:18.508 WARN  [http-nio-8080-exec-7] top.hyzhu.springboot.logging.controller.LogController : This is a WARN log
2024-09-12 16:35:18.508 ERROR [http-nio-8080-exec-7] top.hyzhu.springboot.logging.controller.LogController : This is an ERROR log
2024-09-12 16:35:26.668 INFO  [restartedMain] top.hyzhu.springboot.logging.Application : Starting Application using Java 17.0.9 with PID 4892 (E:\Projects\spring-boot-practice\spring-boot-logging\target\classes started by Huany in E:\Projects\spring-boot-practice)
2024-09-12 16:35:26.669 INFO  [restartedMain] top.hyzhu.springboot.logging.Application : No active profile set, falling back to 1 default profile: "default"
2024-09-12 16:35:26.698 INFO  [restartedMain] org.springframework.boot.devtools.env.DevToolsPropertyDefaultsPostProcessor : Devtools property defaults active! Set 'spring.devtools.add-properties' to 'false' to disable
2024-09-12 16:35:26.698 INFO  [restartedMain] org.springframework.boot.devtools.env.DevToolsPropertyDefaultsPostProcessor : For additional web related logging consider setting the 'logging.level.web' property to 'DEBUG'
2024-09-12 16:35:27.299 INFO  [restartedMain] org.springframework.boot.web.embedded.tomcat.TomcatWebServer : Tomcat initialized with port 8080 (http)
2024-09-12 16:35:27.302 INFO  [restartedMain] org.apache.catalina.core.AprLifecycleListener : Loaded Apache Tomcat Native library [2.0.6] using APR version [1.7.4].
2024-09-12 16:35:27.305 INFO  [restartedMain] org.apache.catalina.core.AprLifecycleListener : OpenSSL successfully initialized [OpenSSL 3.0.11 19 Sep 2023]
2024-09-12 16:35:27.310 INFO  [restartedMain] org.apache.coyote.http11.Http11NioProtocol : Initializing ProtocolHandler ["http-nio-8080"]
2024-09-12 16:35:27.313 INFO  [restartedMain] org.apache.catalina.core.StandardService : Starting service [Tomcat]
2024-09-12 16:35:27.313 INFO  [restartedMain] org.apache.catalina.core.StandardEngine : Starting Servlet engine: [Apache Tomcat/10.1.28]
2024-09-12 16:35:27.345 INFO  [restartedMain] org.apache.catalina.core.ContainerBase.[Tomcat].[localhost].[/] : Initializing Spring embedded WebApplicationContext
2024-09-12 16:35:27.345 INFO  [restartedMain] org.springframework.boot.web.servlet.context.ServletWebServerApplicationContext : Root WebApplicationContext: initialization completed in 647 ms
2024-09-12 16:35:27.550 INFO  [restartedMain] org.springframework.boot.devtools.autoconfigure.OptionalLiveReloadServer : LiveReload server is running on port 35729
2024-09-12 16:35:27.559 INFO  [restartedMain] org.apache.coyote.http11.Http11NioProtocol : Starting ProtocolHandler ["http-nio-8080"]
2024-09-12 16:35:27.572 INFO  [restartedMain] org.springframework.boot.web.embedded.tomcat.TomcatWebServer : Tomcat started on port 8080 (http) with context path '/'
2024-09-12 16:35:27.581 INFO  [restartedMain] top.hyzhu.springboot.logging.Application : Started Application in 1.244 seconds (process running for 5.388)
2024-09-12 16:36:04.078 INFO  [http-nio-8080-exec-1] org.apache.catalina.core.ContainerBase.[Tomcat].[localhost].[/] : Initializing Spring DispatcherServlet 'dispatcherServlet'
2024-09-12 16:36:04.078 INFO  [http-nio-8080-exec-1] org.springframework.web.servlet.DispatcherServlet : Initializing Servlet 'dispatcherServlet'
2024-09-12 16:36:04.079 INFO  [http-nio-8080-exec-1] org.springframework.web.servlet.DispatcherServlet : Completed initialization in 1 ms
2024-09-12 16:36:04.096 DEBUG [http-nio-8080-exec-1] top.hyzhu.springboot.logging.controller.LogController : This is a DEBUG log
2024-09-12 16:36:04.096 INFO  [http-nio-8080-exec-1] top.hyzhu.springboot.logging.controller.LogController : This is an INFO log
2024-09-12 16:36:04.096 WARN  [http-nio-8080-exec-1] top.hyzhu.springboot.logging.controller.LogController : This is a WARN log
2024-09-12 16:36:04.096 ERROR [http-nio-8080-exec-1] top.hyzhu.springboot.logging.controller.LogController : This is an ERROR log
2024-09-12 16:36:04.719 DEBUG [http-nio-8080-exec-2] top.hyzhu.springboot.logging.controller.LogController : This is a DEBUG log
2024-09-12 16:36:04.719 INFO  [http-nio-8080-exec-2] top.hyzhu.springboot.logging.controller.LogController : This is an INFO log
2024-09-12 16:36:04.719 WARN  [http-nio-8080-exec-2] top.hyzhu.springboot.logging.controller.LogController : This is a WARN log
2024-09-12 16:36:04.719 ERROR [http-nio-8080-exec-2] top.hyzhu.springboot.logging.controller.LogController : This is an ERROR log
2024-09-12 16:44:27.277 INFO  [restartedMain] top.hyzhu.springboot.logging.Application : Starting Application using Java 17.0.9 with PID 29124 (E:\Projects\spring-boot-practice\spring-boot-logging\target\classes started by Huany in E:\Projects\spring-boot-practice)
2024-09-12 16:44:27.279 INFO  [restartedMain] top.hyzhu.springboot.logging.Application : No active profile set, falling back to 1 default profile: "default"
2024-09-12 16:44:27.322 INFO  [restartedMain] org.springframework.boot.devtools.env.DevToolsPropertyDefaultsPostProcessor : Devtools property defaults active! Set 'spring.devtools.add-properties' to 'false' to disable
2024-09-12 16:44:27.323 INFO  [restartedMain] org.springframework.boot.devtools.env.DevToolsPropertyDefaultsPostProcessor : For additional web related logging consider setting the 'logging.level.web' property to 'DEBUG'
2024-09-12 16:44:28.114 INFO  [restartedMain] org.springframework.boot.web.embedded.tomcat.TomcatWebServer : Tomcat initialized with port 8080 (http)
2024-09-12 16:44:28.117 INFO  [restartedMain] org.apache.catalina.core.AprLifecycleListener : Loaded Apache Tomcat Native library [2.0.6] using APR version [1.7.4].
2024-09-12 16:44:28.132 INFO  [restartedMain] org.apache.catalina.core.AprLifecycleListener : OpenSSL successfully initialized [OpenSSL 3.0.11 19 Sep 2023]
2024-09-12 16:44:28.141 INFO  [restartedMain] org.apache.coyote.http11.Http11NioProtocol : Initializing ProtocolHandler ["http-nio-8080"]
2024-09-12 16:44:28.144 INFO  [restartedMain] org.apache.catalina.core.StandardService : Starting service [Tomcat]
2024-09-12 16:44:28.145 INFO  [restartedMain] org.apache.catalina.core.StandardEngine : Starting Servlet engine: [Apache Tomcat/10.1.28]
2024-09-12 16:44:28.190 INFO  [restartedMain] org.apache.catalina.core.ContainerBase.[Tomcat].[localhost].[/] : Initializing Spring embedded WebApplicationContext
2024-09-12 16:44:28.191 INFO  [restartedMain] org.springframework.boot.web.servlet.context.ServletWebServerApplicationContext : Root WebApplicationContext: initialization completed in 868 ms
2024-09-12 16:44:28.447 INFO  [restartedMain] org.springframework.boot.devtools.autoconfigure.OptionalLiveReloadServer : LiveReload server is running on port 35729
2024-09-12 16:44:28.458 INFO  [restartedMain] org.apache.coyote.http11.Http11NioProtocol : Starting ProtocolHandler ["http-nio-8080"]
2024-09-12 16:44:28.472 INFO  [restartedMain] org.springframework.boot.web.embedded.tomcat.TomcatWebServer : Tomcat started on port 8080 (http) with context path '/'
2024-09-12 16:44:28.480 INFO  [restartedMain] top.hyzhu.springboot.logging.Application : Started Application in 1.832 seconds (process running for 2.345)
2024-09-12 16:44:32.804 INFO  [http-nio-8080-exec-1] org.apache.catalina.core.ContainerBase.[Tomcat].[localhost].[/] : Initializing Spring DispatcherServlet 'dispatcherServlet'
2024-09-12 16:44:32.804 INFO  [http-nio-8080-exec-1] org.springframework.web.servlet.DispatcherServlet : Initializing Servlet 'dispatcherServlet'
2024-09-12 16:44:32.805 INFO  [http-nio-8080-exec-1] org.springframework.web.servlet.DispatcherServlet : Completed initialization in 1 ms
2024-09-12 16:44:32.826 DEBUG [http-nio-8080-exec-1] top.hyzhu.springboot.logging.controller.LogController : This is a DEBUG log
2024-09-12 16:44:32.827 INFO  [http-nio-8080-exec-1] top.hyzhu.springboot.logging.controller.LogController : This is an INFO log
2024-09-12 16:44:32.827 WARN  [http-nio-8080-exec-1] top.hyzhu.springboot.logging.controller.LogController : This is a WARN log
2024-09-12 16:44:32.827 ERROR [http-nio-8080-exec-1] top.hyzhu.springboot.logging.controller.LogController : This is an ERROR log
