2024-09-09 20:21:46.623 DEBUG [http-nio-8080-exec-1] top.hyzhu.springboot.logging.controller.LogController : This is a DEBUG log
2024-09-09 20:21:46.624 INFO  [http-nio-8080-exec-1] top.hyzhu.springboot.logging.controller.LogController : This is an INFO log
2024-09-09 20:21:46.624 WARN  [http-nio-8080-exec-1] top.hyzhu.springboot.logging.controller.LogController : This is a WARN log
2024-09-09 20:21:46.624 ERROR [http-nio-8080-exec-1] top.hyzhu.springboot.logging.controller.LogController : This is an ERROR log
2024-09-09 20:21:47.181 DEBUG [http-nio-8080-exec-2] top.hyzhu.springboot.logging.controller.LogController : This is a DEBUG log
2024-09-09 20:21:47.182 INFO  [http-nio-8080-exec-2] top.hyzhu.springboot.logging.controller.LogController : This is an INFO log
2024-09-09 20:21:47.191 WARN  [http-nio-8080-exec-2] top.hyzhu.springboot.logging.controller.LogController : This is a WARN log
2024-09-09 20:21:47.191 ERROR [http-nio-8080-exec-2] top.hyzhu.springboot.logging.controller.LogController : This is an ERROR log
2024-09-09 20:21:47.514 DEBUG [http-nio-8080-exec-3] top.hyzhu.springboot.logging.controller.LogController : This is a DEBUG log
2024-09-09 20:21:47.514 INFO  [http-nio-8080-exec-3] top.hyzhu.springboot.logging.controller.LogController : This is an INFO log
2024-09-09 20:21:47.515 WARN  [http-nio-8080-exec-3] top.hyzhu.springboot.logging.controller.LogController : This is a WARN log
2024-09-09 20:21:47.515 ERROR [http-nio-8080-exec-3] top.hyzhu.springboot.logging.controller.LogController : This is an ERROR log
2024-09-09 20:24:19.586 DEBUG [http-nio-8080-exec-3] top.hyzhu.springboot.logging.controller.LogController : This is a DEBUG log
2024-09-09 20:24:19.587 INFO  [http-nio-8080-exec-3] top.hyzhu.springboot.logging.controller.LogController : This is an INFO log
2024-09-09 20:24:19.587 WARN  [http-nio-8080-exec-3] top.hyzhu.springboot.logging.controller.LogController : This is a WARN log
2024-09-09 20:24:19.588 ERROR [http-nio-8080-exec-3] top.hyzhu.springboot.logging.controller.LogController : This is an ERROR log
2024-09-09 20:24:20.516 DEBUG [http-nio-8080-exec-4] top.hyzhu.springboot.logging.controller.LogController : This is a DEBUG log
2024-09-09 20:24:20.516 INFO  [http-nio-8080-exec-4] top.hyzhu.springboot.logging.controller.LogController : This is an INFO log
2024-09-09 20:24:20.516 WARN  [http-nio-8080-exec-4] top.hyzhu.springboot.logging.controller.LogController : This is a WARN log
2024-09-09 20:24:20.516 ERROR [http-nio-8080-exec-4] top.hyzhu.springboot.logging.controller.LogController : This is an ERROR log
2024-09-09 20:26:36.310 DEBUG [http-nio-8080-exec-6] top.hyzhu.springboot.logging.controller.LogController : This is a DEBUG log
2024-09-09 20:26:36.311 INFO  [http-nio-8080-exec-6] top.hyzhu.springboot.logging.controller.LogController : This is an INFO log
2024-09-09 20:26:36.311 WARN  [http-nio-8080-exec-6] top.hyzhu.springboot.logging.controller.LogController : This is a WARN log
2024-09-09 20:26:36.311 ERROR [http-nio-8080-exec-6] top.hyzhu.springboot.logging.controller.LogController : This is an ERROR log
2024-09-09 20:26:37.769 DEBUG [http-nio-8080-exec-7] top.hyzhu.springboot.logging.controller.LogController : This is a DEBUG log
2024-09-09 20:26:37.769 INFO  [http-nio-8080-exec-7] top.hyzhu.springboot.logging.controller.LogController : This is an INFO log
2024-09-09 20:26:37.769 WARN  [http-nio-8080-exec-7] top.hyzhu.springboot.logging.controller.LogController : This is a WARN log
2024-09-09 20:26:37.769 ERROR [http-nio-8080-exec-7] top.hyzhu.springboot.logging.controller.LogController : This is an ERROR log
2024-09-09 20:26:38.366 DEBUG [http-nio-8080-exec-1] top.hyzhu.springboot.logging.controller.LogController : This is a DEBUG log
2024-09-09 20:26:38.366 INFO  [http-nio-8080-exec-1] top.hyzhu.springboot.logging.controller.LogController : This is an INFO log
2024-09-09 20:26:38.366 WARN  [http-nio-8080-exec-1] top.hyzhu.springboot.logging.controller.LogController : This is a WARN log
2024-09-09 20:26:38.366 ERROR [http-nio-8080-exec-1] top.hyzhu.springboot.logging.controller.LogController : This is an ERROR log
2024-09-09 20:26:42.957 DEBUG [http-nio-8080-exec-2] top.hyzhu.springboot.logging.controller.LogController : This is a DEBUG log
2024-09-09 20:26:42.957 INFO  [http-nio-8080-exec-2] top.hyzhu.springboot.logging.controller.LogController : This is an INFO log
2024-09-09 20:26:42.957 WARN  [http-nio-8080-exec-2] top.hyzhu.springboot.logging.controller.LogController : This is a WARN log
2024-09-09 20:26:42.957 ERROR [http-nio-8080-exec-2] top.hyzhu.springboot.logging.controller.LogController : This is an ERROR log
2024-09-09 20:27:06.396 DEBUG [http-nio-8080-exec-8] top.hyzhu.springboot.logging.controller.LogController : This is a DEBUG log
2024-09-09 20:27:06.396 INFO  [http-nio-8080-exec-8] top.hyzhu.springboot.logging.controller.LogController : This is an INFO log
2024-09-09 20:27:06.396 WARN  [http-nio-8080-exec-8] top.hyzhu.springboot.logging.controller.LogController : This is a WARN log
2024-09-09 20:27:06.397 ERROR [http-nio-8080-exec-8] top.hyzhu.springboot.logging.controller.LogController : This is an ERROR log
2024-09-09 20:27:07.130 DEBUG [http-nio-8080-exec-9] top.hyzhu.springboot.logging.controller.LogController : This is a DEBUG log
2024-09-09 20:27:07.131 INFO  [http-nio-8080-exec-9] top.hyzhu.springboot.logging.controller.LogController : This is an INFO log
2024-09-09 20:27:07.131 WARN  [http-nio-8080-exec-9] top.hyzhu.springboot.logging.controller.LogController : This is a WARN log
2024-09-09 20:27:07.131 ERROR [http-nio-8080-exec-9] top.hyzhu.springboot.logging.controller.LogController : This is an ERROR log
2024-09-09 20:27:14.992 DEBUG [http-nio-8080-exec-10] top.hyzhu.springboot.logging.controller.LogController : This is a DEBUG log
2024-09-09 20:27:14.992 INFO  [http-nio-8080-exec-10] top.hyzhu.springboot.logging.controller.LogController : This is an INFO log
2024-09-09 20:27:14.992 WARN  [http-nio-8080-exec-10] top.hyzhu.springboot.logging.controller.LogController : This is a WARN log
2024-09-09 20:27:14.992 ERROR [http-nio-8080-exec-10] top.hyzhu.springboot.logging.controller.LogController : This is an ERROR log
2024-09-09 20:27:15.925 DEBUG [http-nio-8080-exec-3] top.hyzhu.springboot.logging.controller.LogController : This is a DEBUG log
2024-09-09 20:27:15.925 INFO  [http-nio-8080-exec-3] top.hyzhu.springboot.logging.controller.LogController : This is an INFO log
2024-09-09 20:27:15.925 WARN  [http-nio-8080-exec-3] top.hyzhu.springboot.logging.controller.LogController : This is a WARN log
2024-09-09 20:27:15.925 ERROR [http-nio-8080-exec-3] top.hyzhu.springboot.logging.controller.LogController : This is an ERROR log
2024-09-09 20:27:16.847 DEBUG [http-nio-8080-exec-4] top.hyzhu.springboot.logging.controller.LogController : This is a DEBUG log
2024-09-09 20:27:16.847 INFO  [http-nio-8080-exec-4] top.hyzhu.springboot.logging.controller.LogController : This is an INFO log
2024-09-09 20:27:16.847 WARN  [http-nio-8080-exec-4] top.hyzhu.springboot.logging.controller.LogController : This is a WARN log
2024-09-09 20:27:16.847 ERROR [http-nio-8080-exec-4] top.hyzhu.springboot.logging.controller.LogController : This is an ERROR log
2024-09-09 20:27:18.796 DEBUG [http-nio-8080-exec-5] top.hyzhu.springboot.logging.controller.LogController : This is a DEBUG log
2024-09-09 20:27:18.796 INFO  [http-nio-8080-exec-5] top.hyzhu.springboot.logging.controller.LogController : This is an INFO log
2024-09-09 20:27:18.796 WARN  [http-nio-8080-exec-5] top.hyzhu.springboot.logging.controller.LogController : This is a WARN log
2024-09-09 20:27:18.796 ERROR [http-nio-8080-exec-5] top.hyzhu.springboot.logging.controller.LogController : This is an ERROR log
2024-09-09 20:27:19.779 DEBUG [http-nio-8080-exec-6] top.hyzhu.springboot.logging.controller.LogController : This is a DEBUG log
2024-09-09 20:27:19.779 INFO  [http-nio-8080-exec-6] top.hyzhu.springboot.logging.controller.LogController : This is an INFO log
2024-09-09 20:27:19.779 WARN  [http-nio-8080-exec-6] top.hyzhu.springboot.logging.controller.LogController : This is a WARN log
2024-09-09 20:27:19.779 ERROR [http-nio-8080-exec-6] top.hyzhu.springboot.logging.controller.LogController : This is an ERROR log
2024-09-09 20:27:27.887 INFO  [main] top.hyzhu.springboot.logging.Application : Starting Application using Java 17.0.9 with PID 12100 (E:\Projects\spring-boot-practice\spring-boot-logging\target\classes started by Huany in E:\Projects\spring-boot-practice)
2024-09-09 20:27:27.890 INFO  [main] top.hyzhu.springboot.logging.Application : No active profile set, falling back to 1 default profile: "default"
2024-09-09 20:27:28.740 INFO  [main] org.springframework.boot.web.embedded.tomcat.TomcatWebServer : Tomcat initialized with port 8080 (http)
2024-09-09 20:27:28.743 INFO  [main] org.apache.catalina.core.AprLifecycleListener : Loaded Apache Tomcat Native library [2.0.6] using APR version [1.7.4].
2024-09-09 20:27:28.750 INFO  [main] org.apache.catalina.core.AprLifecycleListener : OpenSSL successfully initialized [OpenSSL 3.0.11 19 Sep 2023]
2024-09-09 20:27:28.759 INFO  [main] org.apache.coyote.http11.Http11NioProtocol : Initializing ProtocolHandler ["http-nio-8080"]
2024-09-09 20:27:28.766 INFO  [main] org.apache.catalina.core.StandardService : Starting service [Tomcat]
2024-09-09 20:27:28.766 INFO  [main] org.apache.catalina.core.StandardEngine : Starting Servlet engine: [Apache Tomcat/10.1.28]
2024-09-09 20:27:28.830 INFO  [main] org.apache.catalina.core.ContainerBase.[Tomcat].[localhost].[/] : Initializing Spring embedded WebApplicationContext
2024-09-09 20:27:28.830 INFO  [main] org.springframework.boot.web.servlet.context.ServletWebServerApplicationContext : Root WebApplicationContext: initialization completed in 904 ms
2024-09-09 20:27:29.153 INFO  [main] org.apache.coyote.http11.Http11NioProtocol : Starting ProtocolHandler ["http-nio-8080"]
2024-09-09 20:27:29.168 INFO  [main] org.springframework.boot.web.embedded.tomcat.TomcatWebServer : Tomcat started on port 8080 (http) with context path '/'
2024-09-09 20:27:29.178 INFO  [main] top.hyzhu.springboot.logging.Application : Started Application in 1.745 seconds (process running for 2.201)
2024-09-09 20:27:33.617 INFO  [http-nio-8080-exec-1] org.apache.catalina.core.ContainerBase.[Tomcat].[localhost].[/] : Initializing Spring DispatcherServlet 'dispatcherServlet'
2024-09-09 20:27:33.617 INFO  [http-nio-8080-exec-1] org.springframework.web.servlet.DispatcherServlet : Initializing Servlet 'dispatcherServlet'
2024-09-09 20:27:33.618 INFO  [http-nio-8080-exec-1] org.springframework.web.servlet.DispatcherServlet : Completed initialization in 1 ms
2024-09-09 20:27:33.647 WARN  [http-nio-8080-exec-1] top.hyzhu.springboot.logging.controller.LogController : This is a WARN log
2024-09-09 20:27:33.647 ERROR [http-nio-8080-exec-1] top.hyzhu.springboot.logging.controller.LogController : This is an ERROR log
2024-09-09 20:27:34.964 WARN  [http-nio-8080-exec-2] top.hyzhu.springboot.logging.controller.LogController : This is a WARN log
2024-09-09 20:27:34.965 ERROR [http-nio-8080-exec-2] top.hyzhu.springboot.logging.controller.LogController : This is an ERROR log
2024-09-09 20:27:35.729 WARN  [http-nio-8080-exec-3] top.hyzhu.springboot.logging.controller.LogController : This is a WARN log
2024-09-09 20:27:35.730 ERROR [http-nio-8080-exec-3] top.hyzhu.springboot.logging.controller.LogController : This is an ERROR log
2024-09-09 20:27:36.379 WARN  [http-nio-8080-exec-4] top.hyzhu.springboot.logging.controller.LogController : This is a WARN log
2024-09-09 20:27:36.379 ERROR [http-nio-8080-exec-4] top.hyzhu.springboot.logging.controller.LogController : This is an ERROR log
2024-09-09 20:30:49.369 INFO  [main] top.hyzhu.springboot.logging.Application : Starting Application using Java 17.0.9 with PID 28920 (E:\Projects\spring-boot-practice\spring-boot-logging\target\classes started by Huany in E:\Projects\spring-boot-practice)
2024-09-09 20:30:49.371 INFO  [main] top.hyzhu.springboot.logging.Application : No active profile set, falling back to 1 default profile: "default"
2024-09-09 20:30:50.195 INFO  [main] org.springframework.boot.web.embedded.tomcat.TomcatWebServer : Tomcat initialized with port 8080 (http)
2024-09-09 20:30:50.198 INFO  [main] org.apache.catalina.core.AprLifecycleListener : Loaded Apache Tomcat Native library [2.0.6] using APR version [1.7.4].
2024-09-09 20:30:50.204 INFO  [main] org.apache.catalina.core.AprLifecycleListener : OpenSSL successfully initialized [OpenSSL 3.0.11 19 Sep 2023]
2024-09-09 20:30:50.214 INFO  [main] org.apache.coyote.http11.Http11NioProtocol : Initializing ProtocolHandler ["http-nio-8080"]
2024-09-09 20:30:50.217 INFO  [main] org.apache.catalina.core.StandardService : Starting service [Tomcat]
2024-09-09 20:30:50.217 INFO  [main] org.apache.catalina.core.StandardEngine : Starting Servlet engine: [Apache Tomcat/10.1.28]
2024-09-09 20:30:50.280 INFO  [main] org.apache.catalina.core.ContainerBase.[Tomcat].[localhost].[/] : Initializing Spring embedded WebApplicationContext
2024-09-09 20:30:50.280 INFO  [main] org.springframework.boot.web.servlet.context.ServletWebServerApplicationContext : Root WebApplicationContext: initialization completed in 873 ms
2024-09-09 20:30:50.586 INFO  [main] org.apache.coyote.http11.Http11NioProtocol : Starting ProtocolHandler ["http-nio-8080"]
2024-09-09 20:30:50.602 INFO  [main] org.springframework.boot.web.embedded.tomcat.TomcatWebServer : Tomcat started on port 8080 (http) with context path '/'
2024-09-09 20:30:50.611 INFO  [main] top.hyzhu.springboot.logging.Application : Started Application in 1.688 seconds (process running for 2.119)
2024-09-09 20:31:29.251 INFO  [http-nio-8080-exec-1] org.apache.catalina.core.ContainerBase.[Tomcat].[localhost].[/] : Initializing Spring DispatcherServlet 'dispatcherServlet'
2024-09-09 20:31:29.251 INFO  [http-nio-8080-exec-1] org.springframework.web.servlet.DispatcherServlet : Initializing Servlet 'dispatcherServlet'
2024-09-09 20:31:29.252 INFO  [http-nio-8080-exec-1] org.springframework.web.servlet.DispatcherServlet : Completed initialization in 0 ms
2024-09-09 20:31:29.309 WARN  [http-nio-8080-exec-1] top.hyzhu.springboot.logging.controller.LogController : This is a WARN log
2024-09-09 20:31:29.310 ERROR [http-nio-8080-exec-1] top.hyzhu.springboot.logging.controller.LogController : This is an ERROR log
2024-09-09 20:32:25.016 WARN  [http-nio-8080-exec-3] top.hyzhu.springboot.logging.controller.LogController : This is a WARN log
2024-09-09 20:32:25.016 ERROR [http-nio-8080-exec-3] top.hyzhu.springboot.logging.controller.LogController : This is an ERROR log
2024-09-09 20:32:25.717 WARN  [http-nio-8080-exec-2] top.hyzhu.springboot.logging.controller.LogController : This is a WARN log
2024-09-09 20:32:25.717 ERROR [http-nio-8080-exec-2] top.hyzhu.springboot.logging.controller.LogController : This is an ERROR log
2024-09-09 20:32:25.915 WARN  [http-nio-8080-exec-4] top.hyzhu.springboot.logging.controller.LogController : This is a WARN log
2024-09-09 20:32:25.915 ERROR [http-nio-8080-exec-4] top.hyzhu.springboot.logging.controller.LogController : This is an ERROR log
2024-09-09 20:32:54.269 INFO  [main] top.hyzhu.springboot.logging.Application : Starting Application using Java 17.0.9 with PID 6392 (E:\Projects\spring-boot-practice\spring-boot-logging\target\classes started by Huany in E:\Projects\spring-boot-practice)
2024-09-09 20:32:54.271 INFO  [main] top.hyzhu.springboot.logging.Application : No active profile set, falling back to 1 default profile: "default"
2024-09-09 20:32:55.101 INFO  [main] org.springframework.boot.web.embedded.tomcat.TomcatWebServer : Tomcat initialized with port 8080 (http)
2024-09-09 20:32:55.104 INFO  [main] org.apache.catalina.core.AprLifecycleListener : Loaded Apache Tomcat Native library [2.0.6] using APR version [1.7.4].
2024-09-09 20:32:55.107 INFO  [main] org.apache.catalina.core.AprLifecycleListener : OpenSSL successfully initialized [OpenSSL 3.0.11 19 Sep 2023]
2024-09-09 20:32:55.115 INFO  [main] org.apache.coyote.http11.Http11NioProtocol : Initializing ProtocolHandler ["http-nio-8080"]
2024-09-09 20:32:55.118 INFO  [main] org.apache.catalina.core.StandardService : Starting service [Tomcat]
2024-09-09 20:32:55.128 INFO  [main] org.apache.catalina.core.StandardEngine : Starting Servlet engine: [Apache Tomcat/10.1.28]
2024-09-09 20:32:55.177 INFO  [main] org.apache.catalina.core.ContainerBase.[Tomcat].[localhost].[/] : Initializing Spring embedded WebApplicationContext
2024-09-09 20:32:55.178 INFO  [main] org.springframework.boot.web.servlet.context.ServletWebServerApplicationContext : Root WebApplicationContext: initialization completed in 870 ms
2024-09-09 20:32:55.522 INFO  [main] org.apache.coyote.http11.Http11NioProtocol : Starting ProtocolHandler ["http-nio-8080"]
2024-09-09 20:32:55.544 INFO  [main] org.springframework.boot.web.embedded.tomcat.TomcatWebServer : Tomcat started on port 8080 (http) with context path '/'
2024-09-09 20:32:55.556 INFO  [main] top.hyzhu.springboot.logging.Application : Started Application in 1.796 seconds (process running for 2.272)
2024-09-09 20:33:01.253 INFO  [http-nio-8080-exec-1] org.apache.catalina.core.ContainerBase.[Tomcat].[localhost].[/] : Initializing Spring DispatcherServlet 'dispatcherServlet'
2024-09-09 20:33:01.253 INFO  [http-nio-8080-exec-1] org.springframework.web.servlet.DispatcherServlet : Initializing Servlet 'dispatcherServlet'
2024-09-09 20:33:01.254 INFO  [http-nio-8080-exec-1] org.springframework.web.servlet.DispatcherServlet : Completed initialization in 1 ms
2024-09-09 20:33:01.280 DEBUG [http-nio-8080-exec-1] top.hyzhu.springboot.logging.controller.LogController : This is a DEBUG log
2024-09-09 20:33:01.281 INFO  [http-nio-8080-exec-1] top.hyzhu.springboot.logging.controller.LogController : This is an INFO log
2024-09-09 20:33:01.281 WARN  [http-nio-8080-exec-1] top.hyzhu.springboot.logging.controller.LogController : This is a WARN log
2024-09-09 20:33:01.281 ERROR [http-nio-8080-exec-1] top.hyzhu.springboot.logging.controller.LogController : This is an ERROR log
2024-09-09 20:33:02.093 DEBUG [http-nio-8080-exec-2] top.hyzhu.springboot.logging.controller.LogController : This is a DEBUG log
2024-09-09 20:33:02.094 INFO  [http-nio-8080-exec-2] top.hyzhu.springboot.logging.controller.LogController : This is an INFO log
2024-09-09 20:33:02.094 WARN  [http-nio-8080-exec-2] top.hyzhu.springboot.logging.controller.LogController : This is a WARN log
2024-09-09 20:33:02.094 ERROR [http-nio-8080-exec-2] top.hyzhu.springboot.logging.controller.LogController : This is an ERROR log
2024-09-09 20:33:02.799 DEBUG [http-nio-8080-exec-3] top.hyzhu.springboot.logging.controller.LogController : This is a DEBUG log
2024-09-09 20:33:02.799 INFO  [http-nio-8080-exec-3] top.hyzhu.springboot.logging.controller.LogController : This is an INFO log
2024-09-09 20:33:02.799 WARN  [http-nio-8080-exec-3] top.hyzhu.springboot.logging.controller.LogController : This is a WARN log
2024-09-09 20:33:02.799 ERROR [http-nio-8080-exec-3] top.hyzhu.springboot.logging.controller.LogController : This is an ERROR log
